<?xml version="1.0" encoding="UTF-8"?>
<testsuite name="org.code.runs.aws.DynamoTest" tests="3" skipped="3" failures="0" errors="0" timestamp="2020-07-08T10:08:57" hostname="varsharmaraa-macbookpro.roam.corp.google.com" time="0.0">
  <properties/>
  <testcase name="testPrintTableList" classname="org.code.runs.aws.DynamoTest" time="0.0">
    <skipped/>
  </testcase>
  <testcase name="testInsertTable" classname="org.code.runs.aws.DynamoTest" time="0.0">
    <skipped/>
  </testcase>
  <testcase name="testGetItem" classname="org.code.runs.aws.DynamoTest" time="0.0">
    <skipped/>
  </testcase>
  <system-out><![CDATA[]]></system-out>
  <system-err><![CDATA[]]></system-err>
</testsuite>
