<?xml version="1.0" encoding="UTF-8"?>
<testsuite name="org.code.runs.ds.TrieTest" tests="2" skipped="0" failures="0" errors="0" timestamp="2020-07-08T10:08:57" hostname="varsharmaraa-macbookpro.roam.corp.google.com" time="0.0">
  <properties/>
  <testcase name="testWordsWithPrefix" classname="org.code.runs.ds.TrieTest" time="0.0"/>
  <testcase name="testIsWord" classname="org.code.runs.ds.TrieTest" time="0.0"/>
  <system-out><![CDATA[]]></system-out>
  <system-err><![CDATA[]]></system-err>
</testsuite>
