<?xml version="1.0" encoding="UTF-8"?>
<testsuite name="org.code.runs.ds.SkipListTest" tests="1" skipped="0" failures="0" errors="0" timestamp="2020-07-08T10:08:57" hostname="varsharmaraa-macbookpro.roam.corp.google.com" time="0.001">
  <properties/>
  <testcase name="testAdd" classname="org.code.runs.ds.SkipListTest" time="0.001"/>
  <system-out><![CDATA[]]></system-out>
  <system-err><![CDATA[]]></system-err>
</testsuite>
