<?xml version="1.0" encoding="UTF-8"?>
<testsuite name="org.code.runs.dp.SubsetSumTest" tests="2" skipped="0" failures="0" errors="0" timestamp="2020-07-08T10:08:57" hostname="varsharmaraa-macbookpro.roam.corp.google.com" time="0.001">
  <properties/>
  <testcase name="testSubsetSumOptimized" classname="org.code.runs.dp.SubsetSumTest" time="0.0"/>
  <testcase name="testSubsetSum" classname="org.code.runs.dp.SubsetSumTest" time="0.001"/>
  <system-out><![CDATA[There exist a subset with sum = 11 = true

5 6 
3 2 6 
1 3 7 
1 3 2 5 There exist a subset with sum = 11 = true
]]></system-out>
  <system-err><![CDATA[]]></system-err>
</testsuite>
