<?xml version="1.0" encoding="UTF-8"?>
<testsuite name="org.code.runs.dp.RodCutTest" tests="1" skipped="0" failures="0" errors="0" timestamp="2020-07-08T10:08:57" hostname="varsharmaraa-macbookpro.roam.corp.google.com" time="0.0">
  <properties/>
  <testcase name="maxValue" classname="org.code.runs.dp.RodCutTest" time="0.0"/>
  <system-out><![CDATA[24
]]></system-out>
  <system-err><![CDATA[]]></system-err>
</testsuite>
