<?xml version="1.0" encoding="UTF-8"?>
<testsuite name="org.code.runs.ds.SegmentTreeTest" tests="2" skipped="0" failures="0" errors="0" timestamp="2020-07-08T10:08:57" hostname="varsharmaraa-macbookpro.roam.corp.google.com" time="0.001">
  <properties/>
  <testcase name="testMaxSegTreeQuery" classname="org.code.runs.ds.SegmentTreeTest" time="0.001"/>
  <testcase name="testMinSegTreeQuery" classname="org.code.runs.ds.SegmentTreeTest" time="0.0"/>
  <system-out><![CDATA[]]></system-out>
  <system-err><![CDATA[]]></system-err>
</testsuite>
